<?xml version="1.0" encoding="UTF-8"?>
<!-- Generated by org.testng.reporters.JUnitReportReporter -->
<testsuite hostname="LAPTOP-9T96KVR7" failures="0" tests="1" name="test.runner.TestNGTestRunner" time="17.640" errors="0" timestamp="2023-05-22T00:05:12 BST" skipped="0">
  <testcase classname="test.runner.TestNGTestRunner" name="runScenario" time="17.640"/>
  <system-out/>
</testsuite> <!-- test.runner.TestNGTestRunner -->
